<?xml version="1.0" encoding="UTF-8"?>
<!-- Generated by org.testng.reporters.JUnitReportReporter -->
<testsuite hostname="Anitha-900436" name="testPages.LoginPageTest" tests="3" failures="0" timestamp="20 Jan 2020 09:29:47 GMT" time="61.817" errors="0">
  <testcase name="logoTest" time="19.952" classname="testPages.LoginPageTest"/>
  <testcase name="titleTest" time="14.055" classname="testPages.LoginPageTest"/>
  <testcase name="loginTest" time="27.810" classname="testPages.LoginPageTest"/>
</testsuite> <!-- testPages.LoginPageTest -->
