<?xml version="1.0" encoding="UTF-8"?>
<!-- Generated by org.testng.reporters.JUnitReportReporter -->
<testsuite hostname="Anitha-900436" name="testBase.TestBase" tests="1" failures="0" timestamp="18 Jan 2020 14:04:00 GMT" time="15.377" errors="0">
  <testcase name="initialize" time="15.377" classname="testBase.TestBase"/>
</testsuite> <!-- testBase.TestBase -->
